-------------------------------------------------------------------------------
Test set: com.wecodee.jpa.SpringJpaMapMappingApplicationTests
-------------------------------------------------------------------------------
Tests run: 1, Failures: 0, Errors: 1, Skipped: 0, Time elapsed: 6.941 s <<< FAILURE! - in com.wecodee.jpa.SpringJpaMapMappingApplicationTests
contextLoads  Time elapsed: 0.042 s  <<< ERROR!
java.lang.IllegalStateException: Failed to load ApplicationContext for [WebMergedContextConfiguration@1d5048d1 testClass = com.wecodee.jpa.SpringJpaMapMappingApplicationTests, locations = [], classes = [com.wecodee.jpa.SpringJpaMapMappingApplication], contextInitializerClasses = [], activeProfiles = [], propertySourceLocations = [], propertySourceProperties = ["org.springframework.boot.test.context.SpringBootTestContextBootstrapper=true"], contextCustomizers = [org.springframework.boot.test.context.filter.ExcludeFilterContextCustomizer@4278284b, org.springframework.boot.test.json.DuplicateJsonObjectContextCustomizerFactory$DuplicateJsonObjectContextCustomizer@53251a66, org.springframework.boot.test.mock.mockito.MockitoContextCustomizer@0, org.springframework.boot.test.web.client.TestRestTemplateContextCustomizer@4196c360, org.springframework.boot.test.autoconfigure.actuate.observability.ObservabilityContextCustomizerFactory$DisableObservabilityContextCustomizer@9da1, org.springframework.boot.test.autoconfigure.properties.PropertyMappingContextCustomizer@0, org.springframework.boot.test.autoconfigure.web.servlet.WebDriverContextCustomizerFactory$Customizer@59e505b2, org.springframework.boot.test.context.SpringBootTestAnnotation@8dc993d1], resourceBasePath = "src/main/webapp", contextLoader = org.springframework.boot.test.context.SpringBootContextLoader, parent = null]
Caused by: org.springframework.beans.factory.UnsatisfiedDependencyException: Error creating bean with name 'orderController': Unsatisfied dependency expressed through field 'customerRepository': Error creating bean with name 'customerRepository' defined in com.wecodee.jpa.repository.CustomerRepository defined in @EnableJpaRepositories declared on SpringJpaMapMappingApplication: Not a managed type: class com.wecodee.jpa.Entity.Customer
Caused by: org.springframework.beans.factory.BeanCreationException: Error creating bean with name 'customerRepository' defined in com.wecodee.jpa.repository.CustomerRepository defined in @EnableJpaRepositories declared on SpringJpaMapMappingApplication: Not a managed type: class com.wecodee.jpa.Entity.Customer
Caused by: java.lang.IllegalArgumentException: Not a managed type: class com.wecodee.jpa.Entity.Customer

